# Preference setting overrides
gui_create_pref_key -category {Globals} -key {load_detail_for_funcov} -value_type {bool} -value {false}

# State setting overrides
gui_state_default_create -off -ini
gui_set_state_value -category Globals -key recent_databases -value {{gui_open_db -file /home/ecelrc/students/agroszewski/dependable_computing/project/take2/project_tb.dump -design V1} {gui_open_db -file /home/ecelrc/students/agroszewski/dependable_computing/project/project_tb.dump -design V1} {gui_open_db -file /home/ecelrc/students/agroszewski/dependable_computing/project/rc_tb.dump -design V1}}
gui_set_state_value -category Layout -key child_console_size_x -value 1439
gui_set_state_value -category Layout -key child_console_size_y -value 168
gui_set_state_value -category Layout -key child_data_size_x -value 276
gui_set_state_value -category Layout -key child_data_size_y -value 445
gui_set_state_value -category Layout -key child_hier_col3 -value {-1}
gui_set_state_value -category Layout -key child_hier_colpd -value 0
gui_set_state_value -category Layout -key child_hier_size_x -value 163
gui_set_state_value -category Layout -key child_hier_size_y -value 445
gui_set_state_value -category Layout -key child_source_docknewline -value false
gui_set_state_value -category Layout -key child_source_pos_x -value {-2}
gui_set_state_value -category Layout -key child_source_pos_y -value {-15}
gui_set_state_value -category Layout -key child_source_size_x -value 1003
gui_set_state_value -category Layout -key child_source_size_y -value 440
gui_set_state_value -category Layout -key child_wave_colname -value 197
gui_set_state_value -category Layout -key child_wave_colvalue -value 197
gui_set_state_value -category Layout -key child_wave_left -value 398
gui_set_state_value -category Layout -key child_wave_right -value 970
gui_set_state_value -category Layout -key main_pos_x -value 0
gui_set_state_value -category Layout -key main_pos_y -value 53
gui_set_state_value -category Layout -key main_size_x -value 1439
gui_set_state_value -category Layout -key main_size_y -value 761
gui_set_state_value -category Layout -key stand_source_child_docknewline -value false
gui_set_state_value -category Layout -key stand_source_child_pos_x -value {-2}
gui_set_state_value -category Layout -key stand_source_child_pos_y -value {-15}
gui_set_state_value -category Layout -key stand_source_child_size_x -value 1077
gui_set_state_value -category Layout -key stand_source_child_size_y -value 447
gui_set_state_value -category Layout -key stand_wave_child_docknewline -value false
gui_set_state_value -category Layout -key stand_wave_child_pos_x -value {-2}
gui_set_state_value -category Layout -key stand_wave_child_pos_y -value {-15}
gui_set_state_value -category Layout -key stand_wave_child_size_x -value 1378
gui_set_state_value -category Layout -key stand_wave_child_size_y -value 590
gui_set_state_value -category Layout -key stand_wave_top_pos_x -value {-165}
gui_set_state_value -category Layout -key stand_wave_top_pos_y -value 518
gui_set_state_value -category Layout -key stand_wave_top_size_x -value 1208
gui_set_state_value -category Layout -key stand_wave_top_size_y -value 1208
gui_create_state_key -category FindDialog -key m_pMatchCase -value_type bool -value false
gui_create_state_key -category FindDialog -key m_pMatchWord -value_type bool -value false
gui_create_state_key -category FindDialog -key m_pUseCombo -value_type string -value {}
gui_create_state_key -category FindDialog -key m_pWrapAround -value_type bool -value true
gui_state_default_create -off

# Begin command logging
gui_open_db -file /home/ecelrc/students/agroszewski/dependable_computing/project/take2/project_tb.dump -design V1
gui_list_expand -id  Hier.1   project_tb
gui_list_expand -id  Hier.1   project_tb.U1
gui_list_select -id Hier.1 -current_item_name project_tb.U1.alu0 -current_item_type Scope  -selected  { project_tb.U1.alu0   }
gui_list_select -id Data.1 -selected  { project_tb.U1.alu0.par_pred   }
gui_list_show_data -select -id  Data.1   project_tb.U1.alu0.par_pred
gui_list_select -id Data.1 -selected  { project_tb.U1.alu0.par_pred  project_tb.U1.alu0.par_check   }
gui_open_window Wave
gui_list_add -id Wave.1 -from Data.1 { project_tb.U1.alu0.par_pred project_tb.U1.alu0.par_check } -insertionbar
gui_marker_move -id  Wave.1 C1 45
gui_wv_scroll_hslidermove -id  Wave.1 31700
gui_close_window -window TopLevel.2
